{
  "RSpec": {
    "coverage": {
      "/Users/thomasduffy/Documents/Programming/Learning/Makers Academy/Projects/oystercard/spec/journey_log_spec.rb": [
        1,
        null,
        1,
        7,
        5,
        6,
        null,
        1,
        1,
        1,
        null,
        null,
        null,
        1,
        1,
        1,
        1,
        null,
        1,
        1,
        1,
        null,
        null,
        null,
        1,
        1,
        1,
        1,
        null,
        1,
        1,
        1,
        1,
        null,
        null,
        null,
        1,
        1,
        1,
        1,
        1,
        null,
        null,
        null,
        null
      ],
      "/Users/thomasduffy/Documents/Programming/Learning/Makers Academy/Projects/oystercard/lib/journey_log.rb": [
        1,
        1,
        null,
        1,
        null,
        1,
        null,
        1,
        6,
        6,
        6,
        null,
        null,
        1,
        4,
        4,
        null,
        null,
        1,
        3,
        3,
        null,
        null,
        1,
        1,
        null,
        null,
        1,
        1,
        0,
        0,
        null,
        null
      ],
      "/Users/thomasduffy/Documents/Programming/Learning/Makers Academy/Projects/oystercard/lib/oystercard.rb": [
        1,
        null,
        1,
        null,
        1,
        1,
        null,
        1,
        null,
        1,
        22,
        22,
        22,
        null,
        null,
        1,
        17,
        16,
        null,
        null,
        1,
        7,
        null,
        null,
        1,
        6,
        5,
        5,
        5,
        null,
        null,
        1,
        5,
        5,
        null,
        null,
        1,
        13,
        13,
        12,
        12,
        null,
        null,
        1,
        6,
        5,
        4,
        4,
        4,
        4,
        null,
        null,
        1,
        8,
        null,
        null,
        1,
        null,
        1,
        8,
        null,
        null,
        1,
        9,
        9,
        null,
        null,
        1,
        17,
        null,
        null,
        1,
        9,
        null,
        null,
        1,
        13,
        null,
        null,
        1,
        6,
        null,
        null,
        1,
        5,
        null,
        null
      ],
      "/Users/thomasduffy/Documents/Programming/Learning/Makers Academy/Projects/oystercard/lib/journey.rb": [
        1,
        null,
        1,
        1,
        null,
        1,
        17,
        17,
        null,
        null,
        1,
        5,
        null,
        null,
        1,
        5,
        null,
        null,
        1,
        2,
        2,
        null,
        null,
        1,
        10,
        null,
        null,
        1,
        4,
        null,
        null
      ],
      "/Users/thomasduffy/Documents/Programming/Learning/Makers Academy/Projects/oystercard/lib/station.rb": [
        1,
        null,
        1,
        null,
        1,
        2,
        2,
        null,
        null
      ],
      "/Users/thomasduffy/Documents/Programming/Learning/Makers Academy/Projects/oystercard/spec/journey_spec.rb": [
        1,
        null,
        1,
        8,
        3,
        null,
        1,
        1,
        1,
        null,
        1,
        1,
        null,
        null,
        null,
        1,
        1,
        1,
        1,
        null,
        null,
        null,
        1,
        1,
        1,
        1,
        null,
        1,
        1,
        null,
        null,
        null,
        1,
        1,
        1,
        null,
        null,
        null,
        1,
        1,
        1,
        1,
        null,
        null,
        null
      ],
      "/Users/thomasduffy/Documents/Programming/Learning/Makers Academy/Projects/oystercard/spec/oystercard_spec.rb": [
        1,
        null,
        1,
        23,
        null,
        16,
        null,
        null,
        9,
        null,
        null,
        null,
        null,
        null,
        null,
        null,
        null,
        2,
        null,
        null,
        null,
        null,
        null,
        null,
        null,
        null,
        1,
        1,
        1,
        null,
        1,
        1,
        null,
        1,
        1,
        null,
        null,
        null,
        1,
        1,
        1,
        1,
        null,
        1,
        2,
        null,
        null,
        null,
        1,
        1,
        2,
        null,
        1,
        2,
        null,
        1,
        1,
        1,
        1,
        null,
        null,
        1,
        1,
        1,
        null,
        null,
        null,
        null,
        1,
        1,
        2,
        null,
        1,
        1,
        1,
        1,
        null,
        null,
        null,
        1,
        1,
        1,
        1,
        1,
        null,
        null,
        null,
        1,
        1,
        1,
        1,
        1,
        1,
        null,
        1,
        1,
        1,
        1,
        2,
        null,
        1,
        1,
        1,
        4,
        null,
        1,
        1,
        1,
        1,
        1,
        null,
        1,
        1,
        1,
        1,
        1,
        null,
        null,
        null,
        1,
        1,
        6,
        null,
        1,
        1,
        1,
        1,
        null,
        1,
        1,
        2,
        null,
        1,
        1,
        1,
        1,
        null,
        1,
        1,
        4,
        null,
        1,
        1,
        1,
        1,
        null,
        1,
        1,
        1,
        2,
        null,
        null,
        null,
        1,
        1,
        1,
        1,
        null,
        null,
        null
      ],
      "/Users/thomasduffy/Documents/Programming/Learning/Makers Academy/Projects/oystercard/spec/station_spec.rb": [
        1,
        null,
        1,
        3,
        null,
        1,
        1,
        1,
        null,
        1,
        1,
        null,
        null,
        null
      ]
    },
    "timestamp": 1519925792
  }
}
